./data/test\ace of clubs
['1.jpg', '2.jpg', '3.jpg', '4.jpg', '5.jpg']
Image: 1.jpg, Predicted class index: ace of clubs
Image: 2.jpg, Predicted class index: ace of clubs
Image: 3.jpg, Predicted class index: ace of clubs
Image: 4.jpg, Predicted class index: ace of clubs
Image: 5.jpg, Predicted class index: ace of clubs
./data/test\ace of diamonds
['1.jpg', '2.jpg', '3.jpg', '4.jpg', '5.jpg']
Image: 1.jpg, Predicted class index: ace of clubs
Image: 2.jpg, Predicted class index: ace of clubs
Image: 3.jpg, Predicted class index: ace of clubs
Image: 4.jpg, Predicted class index: ace of clubs
Image: 5.jpg, Predicted class index: ace of clubs
./data/test\ace of hearts
['1.jpg', '2.jpg', '3.jpg', '4.jpg', '5.jpg']
Image: 1.jpg, Predicted class index: ace of clubs
Image: 2.jpg, Predicted class index: ace of clubs
Image: 3.jpg, Predicted class index: ace of clubs
Image: 4.jpg, Predicted class index: ace of clubs
Image: 5.jpg, Predicted class index: ace of clubs
./data/test\ace of spades
['1.jpg', '2.jpg', '3.jpg', '4.jpg', '5.jpg']
Image: 1.jpg, Predicted class index: ace of clubs
Image: 2.jpg, Predicted class index: ace of clubs
Image: 3.jpg, Predicted class index: ace of clubs
Image: 4.jpg, Predicted class index: ace of clubs
Image: 5.jpg, Predicted class index: ace of clubs
./data/test\eight of clubs
['1.jpg', '2.jpg', '3.jpg', '4.jpg', '5.jpg']
Image: 1.jpg, Predicted class index: ace of clubs
Image: 2.jpg, Predicted class index: ace of clubs
Image: 3.jpg, Predicted class index: ace of clubs
Image: 4.jpg, Predicted class index: ace of clubs
Image: 5.jpg, Predicted class index: ace of clubs
./data/test\eight of diamonds
['1.jpg', '2.jpg', '3.jpg', '4.jpg', '5.jpg']
Image: 1.jpg, Predicted class index: ace of clubs
Image: 2.jpg, Predicted class index: ace of clubs
Image: 3.jpg, Predicted class index: ace of clubs
Image: 4.jpg, Predicted class index: ace of clubs
Image: 5.jpg, Predicted class index: ace of clubs
./data/test\eight of hearts
['1.jpg', '2.jpg', '3.jpg', '4.jpg', '5.jpg']
Image: 1.jpg, Predicted class index: ace of clubs
Image: 2.jpg, Predicted class index: ace of clubs
Image: 3.jpg, Predicted class index: ace of clubs
Image: 4.jpg, Predicted class index: ace of clubs
Image: 5.jpg, Predicted class index: ace of clubs
./data/test\eight of spades
['1.jpg', '2.jpg', '3.jpg', '4.jpg', '5.jpg']
Image: 1.jpg, Predicted class index: ace of clubs
Image: 2.jpg, Predicted class index: ace of clubs
Image: 3.jpg, Predicted class index: ace of clubs
Image: 4.jpg, Predicted class index: ace of clubs
Image: 5.jpg, Predicted class index: ace of clubs
./data/test\five of clubs
['1.jpg', '2.jpg', '3.jpg', '4.jpg', '5.jpg']
Image: 1.jpg, Predicted class index: ace of clubs
Image: 2.jpg, Predicted class index: ace of clubs
Image: 3.jpg, Predicted class index: ace of clubs
Image: 4.jpg, Predicted class index: ace of clubs
Image: 5.jpg, Predicted class index: ace of clubs
./data/test\five of diamonds
['1.jpg', '2.jpg', '3.jpg', '4.jpg', '5.jpg']
Image: 1.jpg, Predicted class index: ace of clubs
Image: 2.jpg, Predicted class index: ace of clubs
Image: 3.jpg, Predicted class index: ace of clubs
Image: 4.jpg, Predicted class index: ace of clubs
Image: 5.jpg, Predicted class index: ace of clubs
./data/test\five of hearts
['1.jpg', '2.jpg', '3.jpg', '4.jpg', '5.jpg']
Image: 1.jpg, Predicted class index: ace of clubs
Image: 2.jpg, Predicted class index: ace of clubs
Image: 3.jpg, Predicted class index: ace of clubs
Image: 4.jpg, Predicted class index: ace of clubs
Image: 5.jpg, Predicted class index: ace of clubs
./data/test\five of spades
['1.jpg', '2.jpg', '3.jpg', '4.jpg', '5.jpg']
Image: 1.jpg, Predicted class index: ace of clubs
Image: 2.jpg, Predicted class index: ace of clubs
Image: 3.jpg, Predicted class index: ace of clubs
Image: 4.jpg, Predicted class index: ace of clubs
Image: 5.jpg, Predicted class index: ace of clubs
./data/test\four of clubs
['1.jpg', '2.jpg', '3.jpg', '4.jpg', '5.jpg']
Image: 1.jpg, Predicted class index: ace of clubs
Image: 2.jpg, Predicted class index: ace of clubs
Image: 3.jpg, Predicted class index: ace of clubs
Image: 4.jpg, Predicted class index: ace of clubs
Image: 5.jpg, Predicted class index: ace of clubs
./data/test\four of diamonds
['1.jpg', '2.jpg', '3.jpg', '4.jpg', '5.jpg']
Image: 1.jpg, Predicted class index: ace of clubs
Image: 2.jpg, Predicted class index: ace of clubs
Image: 3.jpg, Predicted class index: ace of clubs
Image: 4.jpg, Predicted class index: ace of clubs
Image: 5.jpg, Predicted class index: ace of clubs
./data/test\four of hearts
['1.jpg', '2.jpg', '3.jpg', '4.jpg', '5.jpg']
Image: 1.jpg, Predicted class index: ace of clubs
Image: 2.jpg, Predicted class index: ace of clubs
Image: 3.jpg, Predicted class index: ace of clubs
Image: 4.jpg, Predicted class index: ace of clubs
Image: 5.jpg, Predicted class index: ace of clubs
./data/test\four of spades
['1.jpg', '2.jpg', '3.jpg', '4.jpg', '5.jpg']
Image: 1.jpg, Predicted class index: ace of clubs
Image: 2.jpg, Predicted class index: ace of clubs
Image: 3.jpg, Predicted class index: ace of clubs
Image: 4.jpg, Predicted class index: ace of clubs
Image: 5.jpg, Predicted class index: ace of clubs
./data/test\jack of clubs
['1.jpg', '2.jpg', '3.jpg', '4.jpg', '5.jpg']
Image: 1.jpg, Predicted class index: ace of clubs
Image: 2.jpg, Predicted class index: ace of clubs
Image: 3.jpg, Predicted class index: ace of clubs
Image: 4.jpg, Predicted class index: ace of clubs
Image: 5.jpg, Predicted class index: ace of clubs
./data/test\jack of diamonds
['1.jpg', '2.jpg', '3.jpg', '4.jpg', '5.jpg']
Image: 1.jpg, Predicted class index: ace of clubs
Image: 2.jpg, Predicted class index: ace of clubs
Image: 3.jpg, Predicted class index: ace of clubs
Image: 4.jpg, Predicted class index: ace of clubs
Image: 5.jpg, Predicted class index: ace of clubs
./data/test\jack of hearts
['1.jpg', '2.jpg', '3.jpg', '4.jpg', '5.jpg']
Image: 1.jpg, Predicted class index: ace of clubs
Image: 2.jpg, Predicted class index: ace of clubs
Image: 3.jpg, Predicted class index: ace of clubs
Image: 4.jpg, Predicted class index: ace of clubs
Image: 5.jpg, Predicted class index: ace of clubs
./data/test\jack of spades
['1.jpg', '2.jpg', '3.jpg', '4.jpg', '5.jpg']
Image: 1.jpg, Predicted class index: ace of clubs
Image: 2.jpg, Predicted class index: ace of clubs
Image: 3.jpg, Predicted class index: ace of clubs
Image: 4.jpg, Predicted class index: ace of clubs
Image: 5.jpg, Predicted class index: ace of clubs
./data/test\joker
['1.jpg', '2.jpg', '3.jpg', '4.jpg', '5.jpg']
Image: 1.jpg, Predicted class index: ace of clubs
Image: 2.jpg, Predicted class index: ace of clubs
Image: 3.jpg, Predicted class index: ace of clubs
Image: 4.jpg, Predicted class index: ace of clubs
Image: 5.jpg, Predicted class index: ace of clubs
./data/test\king of clubs
['1.jpg', '2.jpg', '3.jpg', '4.jpg', '5.jpg']
Image: 1.jpg, Predicted class index: ace of clubs
Image: 2.jpg, Predicted class index: ace of clubs
Image: 3.jpg, Predicted class index: ace of clubs
Image: 4.jpg, Predicted class index: ace of clubs
Image: 5.jpg, Predicted class index: ace of clubs
./data/test\king of diamonds
['1.jpg', '2.jpg', '3.jpg', '4.jpg', '5.jpg']
Image: 1.jpg, Predicted class index: ace of clubs
Image: 2.jpg, Predicted class index: ace of clubs
Image: 3.jpg, Predicted class index: ace of clubs
Image: 4.jpg, Predicted class index: ace of clubs
Image: 5.jpg, Predicted class index: ace of clubs
./data/test\king of hearts
['1.jpg', '2.jpg', '3.jpg', '4.jpg', '5.jpg']
Image: 1.jpg, Predicted class index: ace of clubs
Image: 2.jpg, Predicted class index: ace of clubs
Image: 3.jpg, Predicted class index: ace of clubs
Image: 4.jpg, Predicted class index: ace of clubs
Image: 5.jpg, Predicted class index: ace of clubs
./data/test\king of spades
['1.jpg', '2.jpg', '3.jpg', '4.jpg', '5.jpg']
Image: 1.jpg, Predicted class index: ace of clubs
Image: 2.jpg, Predicted class index: ace of clubs
Image: 3.jpg, Predicted class index: ace of clubs
Image: 4.jpg, Predicted class index: ace of clubs
Image: 5.jpg, Predicted class index: ace of clubs
./data/test\nine of clubs
['1.jpg', '2.jpg', '3.jpg', '4.jpg', '5.jpg']
Image: 1.jpg, Predicted class index: ace of clubs
Image: 2.jpg, Predicted class index: ace of clubs
Image: 3.jpg, Predicted class index: ace of clubs
Image: 4.jpg, Predicted class index: ace of clubs
Image: 5.jpg, Predicted class index: ace of clubs
./data/test\nine of diamonds
['1.jpg', '2.jpg', '3.jpg', '4.jpg', '5.jpg']
Image: 1.jpg, Predicted class index: ace of clubs
Image: 2.jpg, Predicted class index: ace of clubs
Image: 3.jpg, Predicted class index: ace of clubs
Image: 4.jpg, Predicted class index: ace of clubs
Image: 5.jpg, Predicted class index: ace of clubs
./data/test\nine of hearts
['1.jpg', '2.jpg', '3.jpg', '4.jpg', '5.jpg']
Image: 1.jpg, Predicted class index: ace of clubs
Image: 2.jpg, Predicted class index: ace of clubs
Image: 3.jpg, Predicted class index: ace of clubs
Image: 4.jpg, Predicted class index: ace of clubs
Image: 5.jpg, Predicted class index: ace of clubs
./data/test\nine of spades
['1.jpg', '2.jpg', '3.jpg', '4.jpg', '5.jpg']
Image: 1.jpg, Predicted class index: ace of clubs
Image: 2.jpg, Predicted class index: ace of clubs
Image: 3.jpg, Predicted class index: ace of clubs
Image: 4.jpg, Predicted class index: ace of clubs
Image: 5.jpg, Predicted class index: ace of clubs
./data/test\queen of clubs
['1.jpg', '2.jpg', '3.jpg', '4.jpg', '5.jpg']
Image: 1.jpg, Predicted class index: ace of clubs
Image: 2.jpg, Predicted class index: ace of clubs
Image: 3.jpg, Predicted class index: ace of clubs
Image: 4.jpg, Predicted class index: ace of clubs
Image: 5.jpg, Predicted class index: ace of clubs
./data/test\queen of diamonds
['1.jpg', '2.jpg', '3.jpg', '4.jpg', '5.jpg']
Image: 1.jpg, Predicted class index: ace of clubs
Image: 2.jpg, Predicted class index: ace of clubs
Image: 3.jpg, Predicted class index: ace of clubs
Image: 4.jpg, Predicted class index: ace of clubs
Image: 5.jpg, Predicted class index: ace of clubs
./data/test\queen of hearts
['1.jpg', '2.jpg', '3.jpg', '4.jpg', '5.jpg']
Image: 1.jpg, Predicted class index: ace of clubs
Image: 2.jpg, Predicted class index: ace of clubs
Image: 3.jpg, Predicted class index: ace of clubs
Image: 4.jpg, Predicted class index: ace of clubs
Image: 5.jpg, Predicted class index: ace of clubs
./data/test\queen of spades
['1.jpg', '2.jpg', '3.jpg', '4.jpg', '5.jpg']
Image: 1.jpg, Predicted class index: ace of clubs
Image: 2.jpg, Predicted class index: ace of clubs
Image: 3.jpg, Predicted class index: ace of clubs
Image: 4.jpg, Predicted class index: ace of clubs
Image: 5.jpg, Predicted class index: ace of clubs
./data/test\seven of clubs
['1.jpg', '2.jpg', '3.jpg', '4.jpg', '5.jpg']
Image: 1.jpg, Predicted class index: ace of clubs
Image: 2.jpg, Predicted class index: ace of clubs
Image: 3.jpg, Predicted class index: ace of clubs
Image: 4.jpg, Predicted class index: ace of clubs
Image: 5.jpg, Predicted class index: ace of clubs
./data/test\seven of diamonds
['1.jpg', '2.jpg', '3.jpg', '4.jpg', '5.jpg']
Image: 1.jpg, Predicted class index: ace of clubs
Image: 2.jpg, Predicted class index: ace of clubs
Image: 3.jpg, Predicted class index: ace of clubs
Image: 4.jpg, Predicted class index: ace of clubs
Image: 5.jpg, Predicted class index: ace of clubs
./data/test\seven of hearts
['1.jpg', '2.jpg', '3.jpg', '4.jpg', '5.jpg']
Image: 1.jpg, Predicted class index: ace of clubs
Image: 2.jpg, Predicted class index: ace of clubs
Image: 3.jpg, Predicted class index: ace of clubs
Image: 4.jpg, Predicted class index: ace of clubs
Image: 5.jpg, Predicted class index: ace of clubs
./data/test\seven of spades
['1.jpg', '2.jpg', '3.jpg', '4.jpg', '5.jpg']
Image: 1.jpg, Predicted class index: ace of clubs
Image: 2.jpg, Predicted class index: ace of clubs
Image: 3.jpg, Predicted class index: ace of clubs
Image: 4.jpg, Predicted class index: ace of clubs
Image: 5.jpg, Predicted class index: ace of clubs
./data/test\six of clubs
['1.jpg', '2.jpg', '3.jpg', '4.jpg', '5.jpg']
Image: 1.jpg, Predicted class index: ace of clubs
Image: 2.jpg, Predicted class index: ace of clubs
Image: 3.jpg, Predicted class index: ace of clubs
Image: 4.jpg, Predicted class index: ace of clubs
Image: 5.jpg, Predicted class index: ace of clubs
./data/test\six of diamonds
['1.jpg', '2.jpg', '3.jpg', '4.jpg', '5.jpg']
Image: 1.jpg, Predicted class index: ace of clubs
Image: 2.jpg, Predicted class index: ace of clubs
Image: 3.jpg, Predicted class index: ace of clubs
Image: 4.jpg, Predicted class index: ace of clubs
Image: 5.jpg, Predicted class index: ace of clubs
./data/test\six of hearts
['1.jpg', '2.jpg', '3.jpg', '4.jpg', '5.jpg']
Image: 1.jpg, Predicted class index: ace of clubs
Image: 2.jpg, Predicted class index: ace of clubs
Image: 3.jpg, Predicted class index: ace of clubs
Image: 4.jpg, Predicted class index: ace of clubs
Image: 5.jpg, Predicted class index: ace of clubs
./data/test\six of spades
['1.jpg', '2.jpg', '3.jpg', '4.jpg', '5.jpg']
Image: 1.jpg, Predicted class index: ace of clubs
Image: 2.jpg, Predicted class index: ace of clubs
Image: 3.jpg, Predicted class index: ace of clubs
Image: 4.jpg, Predicted class index: ace of clubs
Image: 5.jpg, Predicted class index: ace of clubs
./data/test\ten of clubs
['1.jpg', '2.jpg', '3.jpg', '4.jpg', '5.jpg']
Image: 1.jpg, Predicted class index: ace of clubs
Image: 2.jpg, Predicted class index: ace of clubs
Image: 3.jpg, Predicted class index: ace of clubs
Image: 4.jpg, Predicted class index: ace of clubs
Image: 5.jpg, Predicted class index: ace of clubs
./data/test\ten of diamonds
['1.jpg', '2.jpg', '3.jpg', '4.jpg', '5.jpg']
Image: 1.jpg, Predicted class index: ace of clubs
Image: 2.jpg, Predicted class index: ace of clubs
Image: 3.jpg, Predicted class index: ace of clubs
Image: 4.jpg, Predicted class index: ace of clubs
Image: 5.jpg, Predicted class index: ace of clubs
./data/test\ten of hearts
['1.jpg', '2.jpg', '3.jpg', '4.jpg', '5.jpg']
Image: 1.jpg, Predicted class index: ace of clubs
Image: 2.jpg, Predicted class index: ace of clubs
Image: 3.jpg, Predicted class index: ace of clubs
Image: 4.jpg, Predicted class index: ace of clubs
Image: 5.jpg, Predicted class index: ace of clubs
./data/test\ten of spades
['1.jpg', '2.jpg', '3.jpg', '4.jpg', '5.jpg']
Image: 1.jpg, Predicted class index: ace of clubs
Image: 2.jpg, Predicted class index: ace of clubs
Image: 3.jpg, Predicted class index: ace of clubs
Image: 4.jpg, Predicted class index: ace of clubs
Image: 5.jpg, Predicted class index: ace of clubs
./data/test\three of clubs
['1.jpg', '2.jpg', '3.jpg', '4.jpg', '5.jpg']
Image: 1.jpg, Predicted class index: ace of clubs
Image: 2.jpg, Predicted class index: ace of clubs
Image: 3.jpg, Predicted class index: ace of clubs
Image: 4.jpg, Predicted class index: ace of clubs
Image: 5.jpg, Predicted class index: ace of clubs
./data/test\three of diamonds
['1.jpg', '2.jpg', '3.jpg', '4.jpg', '5.jpg']
Image: 1.jpg, Predicted class index: ace of clubs
Image: 2.jpg, Predicted class index: ace of clubs
Image: 3.jpg, Predicted class index: ace of clubs
Image: 4.jpg, Predicted class index: ace of clubs
Image: 5.jpg, Predicted class index: ace of clubs
./data/test\three of hearts
['1.jpg', '2.jpg', '3.jpg', '4.jpg', '5.jpg']
Image: 1.jpg, Predicted class index: ace of clubs
Image: 2.jpg, Predicted class index: ace of clubs
Image: 3.jpg, Predicted class index: ace of clubs
Image: 4.jpg, Predicted class index: ace of clubs
Image: 5.jpg, Predicted class index: ace of clubs
./data/test\three of spades
['1.jpg', '2.jpg', '3.jpg', '4.jpg', '5.jpg']
Image: 1.jpg, Predicted class index: ace of clubs
Image: 2.jpg, Predicted class index: ace of clubs
Image: 3.jpg, Predicted class index: ace of clubs
Image: 4.jpg, Predicted class index: ace of clubs
Image: 5.jpg, Predicted class index: ace of clubs
./data/test\two of clubs
['1.jpg', '2.jpg', '3.jpg', '4.jpg', '5.jpg']
Image: 1.jpg, Predicted class index: ace of clubs
Image: 2.jpg, Predicted class index: ace of clubs
Image: 3.jpg, Predicted class index: ace of clubs
Image: 4.jpg, Predicted class index: ace of clubs
Image: 5.jpg, Predicted class index: ace of clubs
./data/test\two of diamonds
['1.jpg', '2.jpg', '3.jpg', '4.jpg', '5.jpg']
Image: 1.jpg, Predicted class index: ace of clubs
Image: 2.jpg, Predicted class index: ace of clubs
Image: 3.jpg, Predicted class index: ace of clubs
Image: 4.jpg, Predicted class index: ace of clubs
Image: 5.jpg, Predicted class index: ace of clubs
./data/test\two of hearts
['1.jpg', '2.jpg', '3.jpg', '4.jpg', '5.jpg']
Image: 1.jpg, Predicted class index: ace of clubs
Image: 2.jpg, Predicted class index: ace of clubs
Image: 3.jpg, Predicted class index: ace of clubs
Image: 4.jpg, Predicted class index: ace of clubs
Image: 5.jpg, Predicted class index: ace of clubs
./data/test\two of spades
['1.jpg', '2.jpg', '3.jpg', '4.jpg', '5.jpg']
Image: 1.jpg, Predicted class index: ace of clubs
Image: 2.jpg, Predicted class index: ace of clubs
Image: 3.jpg, Predicted class index: ace of clubs
Image: 4.jpg, Predicted class index: ace of clubs
Image: 5.jpg, Predicted class index: ace of clubs
